\BOOKMARK [1][-]{section.1}{上同调速成}{}% 1
\BOOKMARK [2][-]{subsection.1.1}{胞腔}{section.1}% 2
\BOOKMARK [2][-]{subsection.1.2}{推出与拉回}{section.1}% 3
\BOOKMARK [2][-]{subsection.1.3}{抛物子群}{section.1}% 4
\BOOKMARK [2][-]{subsection.1.4}{双旗流形}{section.1}% 5
\BOOKMARK [1][-]{section.2}{纤维丛}{}% 6
\BOOKMARK [2][-]{subsection.2.1}{纤维丛}{section.2}% 7
\BOOKMARK [2][-]{subsection.2.2}{一些无穷空间}{section.2}% 8
\BOOKMARK [2][-]{subsection.2.3}{更多计算}{section.2}% 9
\BOOKMARK [2][-]{subsection.2.4}{Grassmannian流形}{section.2}% 10
\BOOKMARK [1][-]{section.3}{向量丛}{}% 11
\BOOKMARK [2][-]{subsection.3.1}{向量丛的分类丛}{section.3}% 12
\BOOKMARK [2][-]{subsection.3.2}{Chern类}{section.3}% 13
\BOOKMARK [2][-]{subsection.3.3}{主丛的分类丛}{section.3}% 14
\BOOKMARK [2][-]{subsection.3.4}{切空间的计算}{section.3}% 15
\BOOKMARK [1][-]{section.4}{K理论速成}{}% 16
\BOOKMARK [1][-]{section.5}{等变拓扑速成}{}% 17
\BOOKMARK [2][-]{subsection.5.1}{等变上同调}{section.5}% 18
\BOOKMARK [2][-]{subsection.5.2}{等变K理论}{section.5}% 19
\BOOKMARK [1][-]{section.6}{收纳箱}{}% 20
\BOOKMARK [2][-]{subsection.6.1}{Connected\040K-theory}{section.6}% 21
\BOOKMARK [2][-]{subsection.6.2}{相交上同调}{section.6}% 22
\BOOKMARK [2][-]{subsection.6.3}{量子上同调}{section.6}% 23
\BOOKMARK [2][-]{subsection.6.4}{反常层}{section.6}% 24
\BOOKMARK [2][-]{subsection.6.5}{旗流形的推广}{section.6}% 25
\BOOKMARK [2][-]{subsection.6.6}{Hilbert概形\(Hilbert Schemes\)}{section.6}% 26
\BOOKMARK [2][-]{subsection.6.7}{箭图簇\(Quiver Varieties\)}{section.6}% 27
\BOOKMARK [2][-]{subsection.6.8}{动量图\(Moment Graphs\)}{section.6}% 28
\BOOKMARK [2][-]{subsection.6.9}{热带几何?}{section.6}% 29
\BOOKMARK [2][-]{subsection.6.10}{扭结}{section.6}% 30
\BOOKMARK [2][-]{subsection.6.11}{Buildings?}{section.6}% 31
\BOOKMARK [2][-]{subsection.6.12}{Cluster代数}{section.6}% 32
\BOOKMARK [2][-]{subsection.6.13}{Hall代数}{section.6}% 33
